TN:
SF:/Users/justicematotoka/Tangent/Projects/Angular-Tutorial-Justice/app/scripts/app.js
FN:20,(anonymous_1)
FNF:1
FNH:1
FNDA:2,(anonymous_1)
DA:11,1
DA:21,2
LF:2
LH:2
BRF:0
BRH:0
end_of_record
TN:
SF:/Users/justicematotoka/Tangent/Projects/Angular-Tutorial-Justice/app/scripts/controllers/about.js
FN:11,(anonymous_1)
FNF:1
FNH:1
FNDA:1,(anonymous_1)
DA:10,1
DA:12,1
LF:2
LH:2
BRF:0
BRH:0
end_of_record
TN:
SF:/Users/justicematotoka/Tangent/Projects/Angular-Tutorial-Justice/app/scripts/controllers/main.js
FN:11,(anonymous_1)
FNF:1
FNH:1
FNDA:1,(anonymous_1)
DA:10,1
DA:12,1
LF:2
LH:2
BRF:0
BRH:0
end_of_record
